<?xml version="1.0" encoding="UTF-8"?>
<!-- Generated by org.testng.reporters.JUnitReportReporter -->
<testsuite hostname="DESKTOP-M8LBSK5" failures="0" tests="1" name="com.seleniumtests.SeleniumTests.FirstSeleniumTest" time="10.527" errors="0" timestamp="2022-11-19T16:45:26 IST" skipped="0">
  <testcase classname="com.seleniumtests.SeleniumTests.FirstSeleniumTest" name="firstTest" time="10.527"/>
  <system-out/>
</testsuite> <!-- com.seleniumtests.SeleniumTests.FirstSeleniumTest -->
