<?xml version="1.0" encoding="UTF-8"?>
<!-- Generated by org.testng.reporters.JUnitReportReporter -->
<testsuite hostname="DESKTOP-M8LBSK5" failures="0" tests="1" name="com.seleniumtests.SeleniumTests.TC_DatePicker" time="4.988" errors="0" timestamp="2023-06-08T13:03:59 CEST" skipped="0">
  <testcase classname="com.seleniumtests.SeleniumTests.TC_DatePicker" name="testDatePicker" time="4.988"/>
  <system-out/>
</testsuite> <!-- com.seleniumtests.SeleniumTests.TC_DatePicker -->
