<?xml version="1.0" encoding="UTF-8"?>
<!-- Generated by org.testng.reporters.JUnitReportReporter -->
<testsuite hostname="DESKTOP-M8LBSK5" failures="0" tests="1" name="com.seleniumtests.SeleniumTests.TC_MultiDropDown" time="10.511" errors="0" timestamp="2024-04-11T12:32:35 CEST" skipped="0">
  <testcase classname="com.seleniumtests.SeleniumTests.TC_MultiDropDown" name="testMultiDropDown" time="10.511"/>
  <system-out/>
</testsuite> <!-- com.seleniumtests.SeleniumTests.TC_MultiDropDown -->
