<?xml version="1.0" encoding="UTF-8"?>
<!-- Generated by org.testng.reporters.JUnitReportReporter -->
<testsuite hostname="DESKTOP-M8LBSK5" failures="0" tests="1" name="com.seleniumtests.SeleniumTests.TC_MouseActions1" time="4.450" errors="0" timestamp="2024-04-11T12:20:33 CEST" skipped="0">
  <testcase classname="com.seleniumtests.SeleniumTests.TC_MouseActions1" name="testMouseActions1" time="4.450"/>
  <system-out/>
</testsuite> <!-- com.seleniumtests.SeleniumTests.TC_MouseActions1 -->
