<?xml version="1.0" encoding="UTF-8"?>
<!-- Generated by org.testng.reporters.JUnitReportReporter -->
<testsuite hostname="DESKTOP-M8LBSK5" failures="0" tests="1" name="com.seleniumtests.SeleniumTests.TC_JSExec2" time="9.085" errors="0" timestamp="2024-04-06T18:45:42 IST" skipped="0">
  <testcase classname="com.seleniumtests.SeleniumTests.TC_JSExec2" name="testDropDown" time="9.085"/>
  <system-out/>
</testsuite> <!-- com.seleniumtests.SeleniumTests.TC_JSExec2 -->
