<?xml version="1.0" encoding="UTF-8"?>
<!-- Generated by org.testng.reporters.JUnitReportReporter -->
<testsuite hostname="DESKTOP-M8LBSK5" failures="0" tests="1" name="com.seleniumtests.SeleniumTests.TC_AlertTestChrome" time="12.373" errors="0" timestamp="2024-04-11T11:03:09 CEST" skipped="0">
  <testcase classname="com.seleniumtests.SeleniumTests.TC_AlertTestChrome" name="testAlert1" time="12.373"/>
  <system-out/>
</testsuite> <!-- com.seleniumtests.SeleniumTests.TC_AlertTestChrome -->
