<?xml version="1.0" encoding="UTF-8"?>
<!-- Generated by org.testng.reporters.JUnitReportReporter -->
<testsuite hostname="DESKTOP-M8LBSK5" failures="0" tests="1" name="com.seleniumtests.SeleniumTests.TC_JSExec1" time="3.101" errors="0" timestamp="2024-04-06T18:46:37 IST" skipped="0">
  <testcase classname="com.seleniumtests.SeleniumTests.TC_JSExec1" name="testDropDown" time="3.101"/>
  <system-out/>
</testsuite> <!-- com.seleniumtests.SeleniumTests.TC_JSExec1 -->
